2019-43-08 13:43:54:249[restartedMain]INFO  com.sarnath.sshop.Application-Starting Application on PC201507241719 with PID 4728 (D:\Documents\GitHub\springboot\springboot-shop\target\classes started by Administrator in D:\Documents\GitHub\springboot)
2019-43-08 13:43:54:253[restartedMain]INFO  com.sarnath.sshop.Application-No active profile set, falling back to default profiles: default
2019-43-08 13:43:54:386[restartedMain]INFO  o.s.b.w.s.c.AnnotationConfigServletWebServerApplicationContext-Refreshing org.springframework.boot.web.servlet.context.AnnotationConfigServletWebServerApplicationContext@491fa73c: startup date [Mon Apr 08 13:43:54 CST 2019]; root of context hierarchy
2019-43-08 13:43:55:390[restartedMain]INFO  o.s.d.r.config.RepositoryConfigurationDelegate-Multiple Spring Data modules found, entering strict repository configuration mode!
2019-43-08 13:43:55:778[restartedMain]INFO  o.s.b.f.a.AutowiredAnnotationBeanPostProcessor-JSR-330 'javax.inject.Inject' annotation found and supported for autowiring
2019-43-08 13:43:55:889[restartedMain]INFO  o.s.c.s.PostProcessorRegistrationDelegate$BeanPostProcessorChecker-Bean 'org.springframework.transaction.annotation.ProxyTransactionManagementConfiguration' of type [org.springframework.transaction.annotation.ProxyTransactionManagementConfiguration$$EnhancerBySpringCGLIB$$b4dd6c88] is not eligible for getting processed by all BeanPostProcessors (for example: not eligible for auto-proxying)
2019-43-08 13:43:56:844[restartedMain]INFO  o.s.boot.web.embedded.tomcat.TomcatWebServer-Tomcat initialized with port(s): 8081 (http)
2019-43-08 13:43:56:857[restartedMain]INFO  org.apache.coyote.http11.Http11NioProtocol-Initializing ProtocolHandler ["http-nio-8081"]
2019-43-08 13:43:56:867[restartedMain]INFO  org.apache.catalina.core.StandardService-Starting service [Tomcat]
2019-43-08 13:43:56:867[restartedMain]INFO  org.apache.catalina.core.StandardEngine-Starting Servlet Engine: Apache Tomcat/8.5.32
2019-43-08 13:43:56:871[localhost-startStop-1]INFO  org.apache.catalina.core.AprLifecycleListener-The APR based Apache Tomcat Native library which allows optimal performance in production environments was not found on the java.library.path: [C:\Program Files\Java\jdk1.8.0_144\bin;C:\WINDOWS\Sun\Java\bin;C:\WINDOWS\system32;C:\WINDOWS;C:\ProgramData\Oracle\Java\javapath;C:\Program Files\Java\jdk1.8.0_144\bin;C:\Program Files\Java\jdk1.8.0_144\jre\bin;C:\WINDOWS\system32;C:\WINDOWS;C:\WINDOWS\System32\Wbem;C:\WINDOWS\System32\WindowsPowerShell\v1.0\;C:\Program Files\MySQL\MySQL Server 5.5\bin;C:\Users\Administrator\Desktop\New folder (2)\apache-tomcat-6.0.16\lib;C:\Users\Administrator\Desktop\New folder (2)\apache-tomcat-6.0.16\bin;E:\SQLServer X86\100\Tools\Binn\;E:\SQL Server 2008\100\Tools\Binn\;E:\SQL Server 2008\100\DTS\Binn\;E:\SQLServer X86\100\Tools\Binn\VSShell\Common7\IDE\;E:\SQLServer X86\100\DTS\Binn\;C:\Program Files (x86)\NVIDIA Corporation\PhysX\Common;C:\Program Files\MySQL\MySQL Server 5.5\bin;C:\Program Files\VisualSVN Server\bin;C:\Program Files\TortoiseSVN\bin;C:\Program Files\TortoiseGit\bin;C:\Program Files\Git\cmd;D:\Redis\;C:\Users\Administrator\AppData\Local\GitHubDesktop\bin;.]
2019-43-08 13:43:56:963[localhost-startStop-1]INFO  o.a.c.core.ContainerBase.[Tomcat].[localhost].[/]-Initializing Spring embedded WebApplicationContext
2019-43-08 13:43:56:963[localhost-startStop-1]INFO  org.springframework.web.context.ContextLoader-Root WebApplicationContext: initialization completed in 2577 ms
2019-43-08 13:43:57:024[localhost-startStop-1]INFO  o.s.boot.web.servlet.ServletRegistrationBean-Servlet dispatcherServlet mapped to [/]
2019-43-08 13:43:57:027[localhost-startStop-1]INFO  o.s.boot.web.servlet.FilterRegistrationBean-Mapping filter: 'characterEncodingFilter' to: [/*]
2019-43-08 13:43:57:027[localhost-startStop-1]INFO  o.s.boot.web.servlet.FilterRegistrationBean-Mapping filter: 'hiddenHttpMethodFilter' to: [/*]
2019-43-08 13:43:57:027[localhost-startStop-1]INFO  o.s.boot.web.servlet.FilterRegistrationBean-Mapping filter: 'httpPutFormContentFilter' to: [/*]
2019-43-08 13:43:57:027[localhost-startStop-1]INFO  o.s.boot.web.servlet.FilterRegistrationBean-Mapping filter: 'requestContextFilter' to: [/*]
2019-43-08 13:43:57:604[restartedMain]INFO  o.s.web.servlet.handler.SimpleUrlHandlerMapping-Mapped URL path [/**/favicon.ico] onto handler of type [class org.springframework.web.servlet.resource.ResourceHttpRequestHandler]
2019-43-08 13:43:57:798[restartedMain]INFO  o.s.w.s.m.m.a.RequestMappingHandlerAdapter-Looking for @ControllerAdvice: org.springframework.boot.web.servlet.context.AnnotationConfigServletWebServerApplicationContext@491fa73c: startup date [Mon Apr 08 13:43:54 CST 2019]; root of context hierarchy
2019-43-08 13:43:57:849[restartedMain]INFO  o.s.w.s.m.m.a.RequestMappingHandlerMapping-Mapped "{[/product/getIndexProducts]}" onto public com.github.pagehelper.PageInfo<com.sarnath.sshop.entity.ProductEntity> com.sarnath.sshop.controller.ProductController.getallProducts()
2019-43-08 13:43:57:852[restartedMain]INFO  o.s.w.s.m.m.a.RequestMappingHandlerMapping-Mapped "{[/admin/add],methods=[POST]}" onto public com.sarnath.sshop.entity.vo.ResultVO<java.util.Map<java.lang.String, java.lang.Integer>> com.sarnath.sshop.controller.SysAdminController.add(com.sarnath.sshop.entity.form.MSysAdminForm)
2019-43-08 13:43:57:854[restartedMain]INFO  o.s.w.s.m.m.a.RequestMappingHandlerMapping-Mapped "{[/user/register],methods=[POST]}" onto public com.sarnath.sshop.entity.vo.ResultVO<java.util.Map<java.lang.String, java.lang.Integer>> com.sarnath.sshop.controller.UserController.register(com.sarnath.sshop.entity.form.UserForm,org.springframework.validation.BindingResult)
2019-43-08 13:43:57:854[restartedMain]INFO  o.s.w.s.m.m.a.RequestMappingHandlerMapping-Mapped "{[/user/registCheck],methods=[POST]}" onto public com.sarnath.sshop.entity.vo.ResultVO<java.util.Map<java.lang.String, java.lang.String>> com.sarnath.sshop.controller.UserController.checkName(java.lang.String)
2019-43-08 13:43:57:855[restartedMain]INFO  o.s.w.s.m.m.a.RequestMappingHandlerMapping-Mapped "{[/user/session],methods=[POST]}" onto public com.sarnath.sshop.entity.vo.ResultVO<java.util.Map<java.lang.String, java.lang.Integer>> com.sarnath.sshop.controller.UserController.session(javax.servlet.http.HttpServletRequest)
2019-43-08 13:43:57:855[restartedMain]INFO  o.s.w.s.m.m.a.RequestMappingHandlerMapping-Mapped "{[/user/login],methods=[POST]}" onto public com.sarnath.sshop.entity.vo.ResultVO<com.sarnath.sshop.entity.UserEntity> com.sarnath.sshop.controller.UserController.login(java.lang.String,java.lang.String,javax.servlet.http.HttpServletRequest)
2019-43-08 13:43:57:857[restartedMain]INFO  o.s.w.s.m.m.a.RequestMappingHandlerMapping-Mapped "{[/error]}" onto public org.springframework.http.ResponseEntity<java.util.Map<java.lang.String, java.lang.Object>> org.springframework.boot.autoconfigure.web.servlet.error.BasicErrorController.error(javax.servlet.http.HttpServletRequest)
2019-43-08 13:43:57:857[restartedMain]INFO  o.s.w.s.m.m.a.RequestMappingHandlerMapping-Mapped "{[/error],produces=[text/html]}" onto public org.springframework.web.servlet.ModelAndView org.springframework.boot.autoconfigure.web.servlet.error.BasicErrorController.errorHtml(javax.servlet.http.HttpServletRequest,javax.servlet.http.HttpServletResponse)
2019-43-08 13:43:57:880[restartedMain]INFO  o.s.web.servlet.handler.SimpleUrlHandlerMapping-Mapped URL path [/webjars/**] onto handler of type [class org.springframework.web.servlet.resource.ResourceHttpRequestHandler]
2019-43-08 13:43:57:880[restartedMain]INFO  o.s.web.servlet.handler.SimpleUrlHandlerMapping-Mapped URL path [/**] onto handler of type [class org.springframework.web.servlet.resource.ResourceHttpRequestHandler]
2019-43-08 13:43:58:508[restartedMain]INFO  o.s.b.d.autoconfigure.OptionalLiveReloadServer-LiveReload server is running on port 35729
2019-43-08 13:43:58:537[restartedMain]INFO  o.s.jmx.export.annotation.AnnotationMBeanExporter-Registering beans for JMX exposure on startup
2019-43-08 13:43:58:538[restartedMain]INFO  o.s.jmx.export.annotation.AnnotationMBeanExporter-Bean with name 'dataSource' has been autodetected for JMX exposure
2019-43-08 13:43:58:544[restartedMain]INFO  o.s.jmx.export.annotation.AnnotationMBeanExporter-Located MBean 'dataSource': registering with JMX server as MBean [com.alibaba.druid.pool:name=dataSource,type=DruidDataSource]
2019-43-08 13:43:58:555[restartedMain]INFO  org.apache.coyote.http11.Http11NioProtocol-Starting ProtocolHandler ["http-nio-8081"]
2019-43-08 13:43:58:565[restartedMain]INFO  org.apache.tomcat.util.net.NioSelectorPool-Using a shared selector for servlet write/read
2019-43-08 13:43:58:582[restartedMain]INFO  o.s.boot.web.embedded.tomcat.TomcatWebServer-Tomcat started on port(s): 8081 (http) with context path ''
2019-43-08 13:43:58:586[restartedMain]INFO  com.sarnath.sshop.Application-Started Application in 4.971 seconds (JVM running for 6.139)
2019-44-08 13:44:19:667[http-nio-8081-exec-1]INFO  o.a.c.core.ContainerBase.[Tomcat].[localhost].[/]-Initializing Spring FrameworkServlet 'dispatcherServlet'
2019-44-08 13:44:19:667[http-nio-8081-exec-1]INFO  org.springframework.web.servlet.DispatcherServlet-FrameworkServlet 'dispatcherServlet': initialization started
2019-44-08 13:44:19:688[http-nio-8081-exec-1]INFO  org.springframework.web.servlet.DispatcherServlet-FrameworkServlet 'dispatcherServlet': initialization completed in 21 ms
2019-44-08 13:44:59:990[http-nio-8081-exec-5]INFO  com.alibaba.druid.pool.DruidDataSource-{dataSource-1} inited
2019-05-08 14:05:35:170[restartedMain]INFO  com.sarnath.sshop.Application-Starting Application on PC201507241719 with PID 4452 (D:\Documents\GitHub\springboot\springboot-shop\target\classes started by Administrator in D:\Documents\GitHub\springboot)
2019-05-08 14:05:35:172[restartedMain]INFO  com.sarnath.sshop.Application-No active profile set, falling back to default profiles: default
2019-05-08 14:05:35:214[restartedMain]INFO  o.s.b.w.s.c.AnnotationConfigServletWebServerApplicationContext-Refreshing org.springframework.boot.web.servlet.context.AnnotationConfigServletWebServerApplicationContext@491fa73c: startup date [Mon Apr 08 14:05:35 CST 2019]; root of context hierarchy
2019-05-08 14:05:36:044[restartedMain]INFO  o.s.d.r.config.RepositoryConfigurationDelegate-Multiple Spring Data modules found, entering strict repository configuration mode!
2019-05-08 14:05:36:262[restartedMain]INFO  o.s.b.f.a.AutowiredAnnotationBeanPostProcessor-JSR-330 'javax.inject.Inject' annotation found and supported for autowiring
2019-05-08 14:05:36:333[restartedMain]INFO  o.s.c.s.PostProcessorRegistrationDelegate$BeanPostProcessorChecker-Bean 'org.springframework.transaction.annotation.ProxyTransactionManagementConfiguration' of type [org.springframework.transaction.annotation.ProxyTransactionManagementConfiguration$$EnhancerBySpringCGLIB$$d3f489a] is not eligible for getting processed by all BeanPostProcessors (for example: not eligible for auto-proxying)
2019-05-08 14:05:37:174[restartedMain]INFO  o.s.boot.web.embedded.tomcat.TomcatWebServer-Tomcat initialized with port(s): 8081 (http)
2019-05-08 14:05:37:185[restartedMain]INFO  org.apache.coyote.http11.Http11NioProtocol-Initializing ProtocolHandler ["http-nio-8081"]
2019-05-08 14:05:37:193[restartedMain]INFO  org.apache.catalina.core.StandardService-Starting service [Tomcat]
2019-05-08 14:05:37:194[restartedMain]INFO  org.apache.catalina.core.StandardEngine-Starting Servlet Engine: Apache Tomcat/8.5.32
2019-05-08 14:05:37:197[localhost-startStop-1]INFO  org.apache.catalina.core.AprLifecycleListener-The APR based Apache Tomcat Native library which allows optimal performance in production environments was not found on the java.library.path: [C:\Program Files\Java\jdk1.8.0_144\bin;C:\WINDOWS\Sun\Java\bin;C:\WINDOWS\system32;C:\WINDOWS;C:\ProgramData\Oracle\Java\javapath;C:\Program Files\Java\jdk1.8.0_144\bin;C:\Program Files\Java\jdk1.8.0_144\jre\bin;C:\WINDOWS\system32;C:\WINDOWS;C:\WINDOWS\System32\Wbem;C:\WINDOWS\System32\WindowsPowerShell\v1.0\;C:\Program Files\MySQL\MySQL Server 5.5\bin;C:\Users\Administrator\Desktop\New folder (2)\apache-tomcat-6.0.16\lib;C:\Users\Administrator\Desktop\New folder (2)\apache-tomcat-6.0.16\bin;E:\SQLServer X86\100\Tools\Binn\;E:\SQL Server 2008\100\Tools\Binn\;E:\SQL Server 2008\100\DTS\Binn\;E:\SQLServer X86\100\Tools\Binn\VSShell\Common7\IDE\;E:\SQLServer X86\100\DTS\Binn\;C:\Program Files (x86)\NVIDIA Corporation\PhysX\Common;C:\Program Files\MySQL\MySQL Server 5.5\bin;C:\Program Files\VisualSVN Server\bin;C:\Program Files\TortoiseSVN\bin;C:\Program Files\TortoiseGit\bin;C:\Program Files\Git\cmd;D:\Redis\;C:\Users\Administrator\AppData\Local\GitHubDesktop\bin;.]
2019-05-08 14:05:37:288[localhost-startStop-1]INFO  o.a.c.core.ContainerBase.[Tomcat].[localhost].[/]-Initializing Spring embedded WebApplicationContext
2019-05-08 14:05:37:288[localhost-startStop-1]INFO  org.springframework.web.context.ContextLoader-Root WebApplicationContext: initialization completed in 2074 ms
2019-05-08 14:05:37:346[localhost-startStop-1]INFO  o.s.boot.web.servlet.ServletRegistrationBean-Servlet dispatcherServlet mapped to [/]
2019-05-08 14:05:37:350[localhost-startStop-1]INFO  o.s.boot.web.servlet.FilterRegistrationBean-Mapping filter: 'characterEncodingFilter' to: [/*]
2019-05-08 14:05:37:350[localhost-startStop-1]INFO  o.s.boot.web.servlet.FilterRegistrationBean-Mapping filter: 'hiddenHttpMethodFilter' to: [/*]
2019-05-08 14:05:37:350[localhost-startStop-1]INFO  o.s.boot.web.servlet.FilterRegistrationBean-Mapping filter: 'httpPutFormContentFilter' to: [/*]
2019-05-08 14:05:37:350[localhost-startStop-1]INFO  o.s.boot.web.servlet.FilterRegistrationBean-Mapping filter: 'requestContextFilter' to: [/*]
2019-05-08 14:05:37:807[restartedMain]INFO  o.s.web.servlet.handler.SimpleUrlHandlerMapping-Mapped URL path [/**/favicon.ico] onto handler of type [class org.springframework.web.servlet.resource.ResourceHttpRequestHandler]
2019-05-08 14:05:38:029[restartedMain]INFO  o.s.w.s.m.m.a.RequestMappingHandlerAdapter-Looking for @ControllerAdvice: org.springframework.boot.web.servlet.context.AnnotationConfigServletWebServerApplicationContext@491fa73c: startup date [Mon Apr 08 14:05:35 CST 2019]; root of context hierarchy
2019-05-08 14:05:38:071[restartedMain]INFO  o.s.w.s.m.m.a.RequestMappingHandlerMapping-Mapped "{[/product/getIndexProducts],methods=[GET]}" onto public com.github.pagehelper.PageInfo<com.sarnath.sshop.entity.ProductEntity> com.sarnath.sshop.controller.ProductController.getallProducts()
2019-05-08 14:05:38:073[restartedMain]INFO  o.s.w.s.m.m.a.RequestMappingHandlerMapping-Mapped "{[/product/getProductById],methods=[GET]}" onto public com.sarnath.sshop.entity.vo.ResultVO com.sarnath.sshop.controller.ProductController.getProductById(java.lang.Integer)
2019-05-08 14:05:38:074[restartedMain]INFO  o.s.w.s.m.m.a.RequestMappingHandlerMapping-Mapped "{[/admin/add],methods=[POST]}" onto public com.sarnath.sshop.entity.vo.ResultVO<java.util.Map<java.lang.String, java.lang.Integer>> com.sarnath.sshop.controller.SysAdminController.add(com.sarnath.sshop.entity.form.MSysAdminForm)
2019-05-08 14:05:38:075[restartedMain]INFO  o.s.w.s.m.m.a.RequestMappingHandlerMapping-Mapped "{[/user/register],methods=[POST]}" onto public com.sarnath.sshop.entity.vo.ResultVO<java.util.Map<java.lang.String, java.lang.Integer>> com.sarnath.sshop.controller.UserController.register(com.sarnath.sshop.entity.form.UserForm,org.springframework.validation.BindingResult)
2019-05-08 14:05:38:076[restartedMain]INFO  o.s.w.s.m.m.a.RequestMappingHandlerMapping-Mapped "{[/user/registCheck],methods=[POST]}" onto public com.sarnath.sshop.entity.vo.ResultVO<java.util.Map<java.lang.String, java.lang.String>> com.sarnath.sshop.controller.UserController.checkName(java.lang.String)
2019-05-08 14:05:38:076[restartedMain]INFO  o.s.w.s.m.m.a.RequestMappingHandlerMapping-Mapped "{[/user/session],methods=[POST]}" onto public com.sarnath.sshop.entity.vo.ResultVO<java.util.Map<java.lang.String, java.lang.Integer>> com.sarnath.sshop.controller.UserController.session(javax.servlet.http.HttpServletRequest)
2019-05-08 14:05:38:076[restartedMain]INFO  o.s.w.s.m.m.a.RequestMappingHandlerMapping-Mapped "{[/user/login],methods=[POST]}" onto public com.sarnath.sshop.entity.vo.ResultVO<com.sarnath.sshop.entity.UserEntity> com.sarnath.sshop.controller.UserController.login(java.lang.String,java.lang.String,javax.servlet.http.HttpServletRequest)
2019-05-08 14:05:38:078[restartedMain]INFO  o.s.w.s.m.m.a.RequestMappingHandlerMapping-Mapped "{[/error]}" onto public org.springframework.http.ResponseEntity<java.util.Map<java.lang.String, java.lang.Object>> org.springframework.boot.autoconfigure.web.servlet.error.BasicErrorController.error(javax.servlet.http.HttpServletRequest)
2019-05-08 14:05:38:079[restartedMain]INFO  o.s.w.s.m.m.a.RequestMappingHandlerMapping-Mapped "{[/error],produces=[text/html]}" onto public org.springframework.web.servlet.ModelAndView org.springframework.boot.autoconfigure.web.servlet.error.BasicErrorController.errorHtml(javax.servlet.http.HttpServletRequest,javax.servlet.http.HttpServletResponse)
2019-05-08 14:05:38:100[restartedMain]INFO  o.s.web.servlet.handler.SimpleUrlHandlerMapping-Mapped URL path [/webjars/**] onto handler of type [class org.springframework.web.servlet.resource.ResourceHttpRequestHandler]
2019-05-08 14:05:38:100[restartedMain]INFO  o.s.web.servlet.handler.SimpleUrlHandlerMapping-Mapped URL path [/**] onto handler of type [class org.springframework.web.servlet.resource.ResourceHttpRequestHandler]
2019-05-08 14:05:38:112[restartedMain]INFO  o.s.w.s.m.m.a.ExceptionHandlerExceptionResolver-Detected @ExceptionHandler methods in exceptionController
2019-05-08 14:05:38:581[restartedMain]INFO  o.s.b.d.autoconfigure.OptionalLiveReloadServer-LiveReload server is running on port 35729
2019-05-08 14:05:38:606[restartedMain]INFO  o.s.jmx.export.annotation.AnnotationMBeanExporter-Registering beans for JMX exposure on startup
2019-05-08 14:05:38:607[restartedMain]INFO  o.s.jmx.export.annotation.AnnotationMBeanExporter-Bean with name 'dataSource' has been autodetected for JMX exposure
2019-05-08 14:05:38:612[restartedMain]INFO  o.s.jmx.export.annotation.AnnotationMBeanExporter-Located MBean 'dataSource': registering with JMX server as MBean [com.alibaba.druid.pool:name=dataSource,type=DruidDataSource]
2019-05-08 14:05:38:622[restartedMain]INFO  org.apache.coyote.http11.Http11NioProtocol-Starting ProtocolHandler ["http-nio-8081"]
2019-05-08 14:05:38:633[restartedMain]INFO  org.apache.tomcat.util.net.NioSelectorPool-Using a shared selector for servlet write/read
2019-05-08 14:05:38:651[restartedMain]INFO  o.s.boot.web.embedded.tomcat.TomcatWebServer-Tomcat started on port(s): 8081 (http) with context path ''
2019-05-08 14:05:38:654[restartedMain]INFO  com.sarnath.sshop.Application-Started Application in 3.787 seconds (JVM running for 4.477)
2019-05-08 14:05:41:679[http-nio-8081-exec-1]INFO  o.a.c.core.ContainerBase.[Tomcat].[localhost].[/]-Initializing Spring FrameworkServlet 'dispatcherServlet'
2019-05-08 14:05:41:679[http-nio-8081-exec-1]INFO  org.springframework.web.servlet.DispatcherServlet-FrameworkServlet 'dispatcherServlet': initialization started
2019-05-08 14:05:41:697[http-nio-8081-exec-1]INFO  org.springframework.web.servlet.DispatcherServlet-FrameworkServlet 'dispatcherServlet': initialization completed in 18 ms
2019-16-08 14:16:25:987[restartedMain]INFO  com.sarnath.sshop.Application-Starting Application on PC201507241719 with PID 17220 (D:\Documents\GitHub\springboot\springboot-shop\target\classes started by Administrator in D:\Documents\GitHub\springboot)
2019-16-08 14:16:25:989[restartedMain]INFO  com.sarnath.sshop.Application-No active profile set, falling back to default profiles: default
2019-16-08 14:16:26:043[restartedMain]INFO  o.s.b.w.s.c.AnnotationConfigServletWebServerApplicationContext-Refreshing org.springframework.boot.web.servlet.context.AnnotationConfigServletWebServerApplicationContext@14eabcb7: startup date [Mon Apr 08 14:16:26 CST 2019]; root of context hierarchy
2019-16-08 14:16:26:887[restartedMain]INFO  o.s.d.r.config.RepositoryConfigurationDelegate-Multiple Spring Data modules found, entering strict repository configuration mode!
2019-16-08 14:16:27:110[restartedMain]INFO  o.s.b.f.a.AutowiredAnnotationBeanPostProcessor-JSR-330 'javax.inject.Inject' annotation found and supported for autowiring
2019-16-08 14:16:27:182[restartedMain]INFO  o.s.c.s.PostProcessorRegistrationDelegate$BeanPostProcessorChecker-Bean 'org.springframework.transaction.annotation.ProxyTransactionManagementConfiguration' of type [org.springframework.transaction.annotation.ProxyTransactionManagementConfiguration$$EnhancerBySpringCGLIB$$1b31cc8b] is not eligible for getting processed by all BeanPostProcessors (for example: not eligible for auto-proxying)
2019-16-08 14:16:27:954[restartedMain]INFO  o.s.boot.web.embedded.tomcat.TomcatWebServer-Tomcat initialized with port(s): 8081 (http)
2019-16-08 14:16:27:965[restartedMain]INFO  org.apache.coyote.http11.Http11NioProtocol-Initializing ProtocolHandler ["http-nio-8081"]
2019-16-08 14:16:27:973[restartedMain]INFO  org.apache.catalina.core.StandardService-Starting service [Tomcat]
2019-16-08 14:16:27:973[restartedMain]INFO  org.apache.catalina.core.StandardEngine-Starting Servlet Engine: Apache Tomcat/8.5.32
2019-16-08 14:16:27:976[localhost-startStop-1]INFO  org.apache.catalina.core.AprLifecycleListener-The APR based Apache Tomcat Native library which allows optimal performance in production environments was not found on the java.library.path: [C:\Program Files\Java\jdk1.8.0_144\bin;C:\WINDOWS\Sun\Java\bin;C:\WINDOWS\system32;C:\WINDOWS;C:\ProgramData\Oracle\Java\javapath;C:\Program Files\Java\jdk1.8.0_144\bin;C:\Program Files\Java\jdk1.8.0_144\jre\bin;C:\WINDOWS\system32;C:\WINDOWS;C:\WINDOWS\System32\Wbem;C:\WINDOWS\System32\WindowsPowerShell\v1.0\;C:\Program Files\MySQL\MySQL Server 5.5\bin;C:\Users\Administrator\Desktop\New folder (2)\apache-tomcat-6.0.16\lib;C:\Users\Administrator\Desktop\New folder (2)\apache-tomcat-6.0.16\bin;E:\SQLServer X86\100\Tools\Binn\;E:\SQL Server 2008\100\Tools\Binn\;E:\SQL Server 2008\100\DTS\Binn\;E:\SQLServer X86\100\Tools\Binn\VSShell\Common7\IDE\;E:\SQLServer X86\100\DTS\Binn\;C:\Program Files (x86)\NVIDIA Corporation\PhysX\Common;C:\Program Files\MySQL\MySQL Server 5.5\bin;C:\Program Files\VisualSVN Server\bin;C:\Program Files\TortoiseSVN\bin;C:\Program Files\TortoiseGit\bin;C:\Program Files\Git\cmd;D:\Redis\;C:\Users\Administrator\AppData\Local\GitHubDesktop\bin;.]
2019-16-08 14:16:28:066[localhost-startStop-1]INFO  o.a.c.core.ContainerBase.[Tomcat].[localhost].[/]-Initializing Spring embedded WebApplicationContext
2019-16-08 14:16:28:066[localhost-startStop-1]INFO  org.springframework.web.context.ContextLoader-Root WebApplicationContext: initialization completed in 2023 ms
2019-16-08 14:16:28:124[localhost-startStop-1]INFO  o.s.boot.web.servlet.ServletRegistrationBean-Servlet dispatcherServlet mapped to [/]
2019-16-08 14:16:28:127[localhost-startStop-1]INFO  o.s.boot.web.servlet.FilterRegistrationBean-Mapping filter: 'characterEncodingFilter' to: [/*]
2019-16-08 14:16:28:127[localhost-startStop-1]INFO  o.s.boot.web.servlet.FilterRegistrationBean-Mapping filter: 'hiddenHttpMethodFilter' to: [/*]
2019-16-08 14:16:28:128[localhost-startStop-1]INFO  o.s.boot.web.servlet.FilterRegistrationBean-Mapping filter: 'httpPutFormContentFilter' to: [/*]
2019-16-08 14:16:28:128[localhost-startStop-1]INFO  o.s.boot.web.servlet.FilterRegistrationBean-Mapping filter: 'requestContextFilter' to: [/*]
2019-16-08 14:16:28:591[restartedMain]INFO  o.s.web.servlet.handler.SimpleUrlHandlerMapping-Mapped URL path [/**/favicon.ico] onto handler of type [class org.springframework.web.servlet.resource.ResourceHttpRequestHandler]
2019-16-08 14:16:28:775[restartedMain]INFO  o.s.w.s.m.m.a.RequestMappingHandlerAdapter-Looking for @ControllerAdvice: org.springframework.boot.web.servlet.context.AnnotationConfigServletWebServerApplicationContext@14eabcb7: startup date [Mon Apr 08 14:16:26 CST 2019]; root of context hierarchy
2019-16-08 14:16:28:821[restartedMain]INFO  o.s.w.s.m.m.a.RequestMappingHandlerMapping-Mapped "{[/product/getIndexProducts],methods=[GET]}" onto public com.github.pagehelper.PageInfo<com.sarnath.sshop.entity.ProductEntity> com.sarnath.sshop.controller.ProductController.getallProducts()
2019-16-08 14:16:28:824[restartedMain]INFO  o.s.w.s.m.m.a.RequestMappingHandlerMapping-Mapped "{[/product/getProductById],methods=[GET]}" onto public com.sarnath.sshop.entity.vo.ResultVO com.sarnath.sshop.controller.ProductController.getProductById(java.lang.Integer)
2019-16-08 14:16:28:825[restartedMain]INFO  o.s.w.s.m.m.a.RequestMappingHandlerMapping-Mapped "{[/admin/add],methods=[POST]}" onto public com.sarnath.sshop.entity.vo.ResultVO<java.util.Map<java.lang.String, java.lang.Integer>> com.sarnath.sshop.controller.SysAdminController.add(com.sarnath.sshop.entity.form.MSysAdminForm)
2019-16-08 14:16:28:826[restartedMain]INFO  o.s.w.s.m.m.a.RequestMappingHandlerMapping-Mapped "{[/user/register],methods=[POST]}" onto public com.sarnath.sshop.entity.vo.ResultVO<java.util.Map<java.lang.String, java.lang.Integer>> com.sarnath.sshop.controller.UserController.register(com.sarnath.sshop.entity.form.UserForm,org.springframework.validation.BindingResult)
2019-16-08 14:16:28:827[restartedMain]INFO  o.s.w.s.m.m.a.RequestMappingHandlerMapping-Mapped "{[/user/registCheck],methods=[POST]}" onto public com.sarnath.sshop.entity.vo.ResultVO<java.util.Map<java.lang.String, java.lang.String>> com.sarnath.sshop.controller.UserController.checkName(java.lang.String)
2019-16-08 14:16:28:827[restartedMain]INFO  o.s.w.s.m.m.a.RequestMappingHandlerMapping-Mapped "{[/user/session],methods=[POST]}" onto public com.sarnath.sshop.entity.vo.ResultVO<java.util.Map<java.lang.String, java.lang.Integer>> com.sarnath.sshop.controller.UserController.session(javax.servlet.http.HttpServletRequest)
2019-16-08 14:16:28:827[restartedMain]INFO  o.s.w.s.m.m.a.RequestMappingHandlerMapping-Mapped "{[/user/login],methods=[POST]}" onto public com.sarnath.sshop.entity.vo.ResultVO<com.sarnath.sshop.entity.UserEntity> com.sarnath.sshop.controller.UserController.login(java.lang.String,java.lang.String,javax.servlet.http.HttpServletRequest)
2019-16-08 14:16:28:829[restartedMain]INFO  o.s.w.s.m.m.a.RequestMappingHandlerMapping-Mapped "{[/error]}" onto public org.springframework.http.ResponseEntity<java.util.Map<java.lang.String, java.lang.Object>> org.springframework.boot.autoconfigure.web.servlet.error.BasicErrorController.error(javax.servlet.http.HttpServletRequest)
2019-16-08 14:16:28:830[restartedMain]INFO  o.s.w.s.m.m.a.RequestMappingHandlerMapping-Mapped "{[/error],produces=[text/html]}" onto public org.springframework.web.servlet.ModelAndView org.springframework.boot.autoconfigure.web.servlet.error.BasicErrorController.errorHtml(javax.servlet.http.HttpServletRequest,javax.servlet.http.HttpServletResponse)
2019-16-08 14:16:28:852[restartedMain]INFO  o.s.web.servlet.handler.SimpleUrlHandlerMapping-Mapped URL path [/webjars/**] onto handler of type [class org.springframework.web.servlet.resource.ResourceHttpRequestHandler]
2019-16-08 14:16:28:852[restartedMain]INFO  o.s.web.servlet.handler.SimpleUrlHandlerMapping-Mapped URL path [/**] onto handler of type [class org.springframework.web.servlet.resource.ResourceHttpRequestHandler]
2019-16-08 14:16:28:865[restartedMain]INFO  o.s.w.s.m.m.a.ExceptionHandlerExceptionResolver-Detected @ExceptionHandler methods in exceptionController
2019-16-08 14:16:29:337[restartedMain]INFO  o.s.b.d.autoconfigure.OptionalLiveReloadServer-LiveReload server is running on port 35729
2019-16-08 14:16:29:362[restartedMain]INFO  o.s.jmx.export.annotation.AnnotationMBeanExporter-Registering beans for JMX exposure on startup
2019-16-08 14:16:29:364[restartedMain]INFO  o.s.jmx.export.annotation.AnnotationMBeanExporter-Bean with name 'dataSource' has been autodetected for JMX exposure
2019-16-08 14:16:29:372[restartedMain]INFO  o.s.jmx.export.annotation.AnnotationMBeanExporter-Located MBean 'dataSource': registering with JMX server as MBean [com.alibaba.druid.pool:name=dataSource,type=DruidDataSource]
2019-16-08 14:16:29:391[restartedMain]INFO  org.apache.coyote.http11.Http11NioProtocol-Starting ProtocolHandler ["http-nio-8081"]
2019-16-08 14:16:29:404[restartedMain]INFO  org.apache.tomcat.util.net.NioSelectorPool-Using a shared selector for servlet write/read
2019-16-08 14:16:29:421[restartedMain]INFO  o.s.boot.web.embedded.tomcat.TomcatWebServer-Tomcat started on port(s): 8081 (http) with context path ''
2019-16-08 14:16:29:424[restartedMain]INFO  com.sarnath.sshop.Application-Started Application in 3.711 seconds (JVM running for 4.38)
2019-16-08 14:16:35:352[http-nio-8081-exec-2]INFO  o.a.c.core.ContainerBase.[Tomcat].[localhost].[/]-Initializing Spring FrameworkServlet 'dispatcherServlet'
2019-16-08 14:16:35:353[http-nio-8081-exec-2]INFO  org.springframework.web.servlet.DispatcherServlet-FrameworkServlet 'dispatcherServlet': initialization started
2019-16-08 14:16:35:372[http-nio-8081-exec-2]INFO  org.springframework.web.servlet.DispatcherServlet-FrameworkServlet 'dispatcherServlet': initialization completed in 19 ms
2019-16-08 14:16:41:909[http-nio-8081-exec-3]INFO  com.alibaba.druid.pool.DruidDataSource-{dataSource-1} inited
2019-17-08 14:17:52:667[restartedMain]INFO  com.sarnath.sshop.Application-Starting Application on PC201507241719 with PID 16736 (D:\Documents\GitHub\springboot\springboot-shop\target\classes started by Administrator in D:\Documents\GitHub\springboot)
2019-17-08 14:17:52:669[restartedMain]INFO  com.sarnath.sshop.Application-No active profile set, falling back to default profiles: default
2019-17-08 14:17:52:708[restartedMain]INFO  o.s.b.w.s.c.AnnotationConfigServletWebServerApplicationContext-Refreshing org.springframework.boot.web.servlet.context.AnnotationConfigServletWebServerApplicationContext@7fca6707: startup date [Mon Apr 08 14:17:52 CST 2019]; root of context hierarchy
2019-17-08 14:17:53:470[restartedMain]INFO  o.s.d.r.config.RepositoryConfigurationDelegate-Multiple Spring Data modules found, entering strict repository configuration mode!
2019-17-08 14:17:53:689[restartedMain]INFO  o.s.b.f.a.AutowiredAnnotationBeanPostProcessor-JSR-330 'javax.inject.Inject' annotation found and supported for autowiring
2019-17-08 14:17:53:762[restartedMain]INFO  o.s.c.s.PostProcessorRegistrationDelegate$BeanPostProcessorChecker-Bean 'org.springframework.transaction.annotation.ProxyTransactionManagementConfiguration' of type [org.springframework.transaction.annotation.ProxyTransactionManagementConfiguration$$EnhancerBySpringCGLIB$$9066333d] is not eligible for getting processed by all BeanPostProcessors (for example: not eligible for auto-proxying)
2019-17-08 14:17:54:554[restartedMain]INFO  o.s.boot.web.embedded.tomcat.TomcatWebServer-Tomcat initialized with port(s): 8081 (http)
2019-17-08 14:17:54:567[restartedMain]INFO  org.apache.coyote.http11.Http11NioProtocol-Initializing ProtocolHandler ["http-nio-8081"]
2019-17-08 14:17:54:577[restartedMain]INFO  org.apache.catalina.core.StandardService-Starting service [Tomcat]
2019-17-08 14:17:54:577[restartedMain]INFO  org.apache.catalina.core.StandardEngine-Starting Servlet Engine: Apache Tomcat/8.5.32
2019-17-08 14:17:54:581[localhost-startStop-1]INFO  org.apache.catalina.core.AprLifecycleListener-The APR based Apache Tomcat Native library which allows optimal performance in production environments was not found on the java.library.path: [C:\Program Files\Java\jdk1.8.0_144\bin;C:\WINDOWS\Sun\Java\bin;C:\WINDOWS\system32;C:\WINDOWS;C:\ProgramData\Oracle\Java\javapath;C:\Program Files\Java\jdk1.8.0_144\bin;C:\Program Files\Java\jdk1.8.0_144\jre\bin;C:\WINDOWS\system32;C:\WINDOWS;C:\WINDOWS\System32\Wbem;C:\WINDOWS\System32\WindowsPowerShell\v1.0\;C:\Program Files\MySQL\MySQL Server 5.5\bin;C:\Users\Administrator\Desktop\New folder (2)\apache-tomcat-6.0.16\lib;C:\Users\Administrator\Desktop\New folder (2)\apache-tomcat-6.0.16\bin;E:\SQLServer X86\100\Tools\Binn\;E:\SQL Server 2008\100\Tools\Binn\;E:\SQL Server 2008\100\DTS\Binn\;E:\SQLServer X86\100\Tools\Binn\VSShell\Common7\IDE\;E:\SQLServer X86\100\DTS\Binn\;C:\Program Files (x86)\NVIDIA Corporation\PhysX\Common;C:\Program Files\MySQL\MySQL Server 5.5\bin;C:\Program Files\VisualSVN Server\bin;C:\Program Files\TortoiseSVN\bin;C:\Program Files\TortoiseGit\bin;C:\Program Files\Git\cmd;D:\Redis\;C:\Users\Administrator\AppData\Local\GitHubDesktop\bin;.]
2019-17-08 14:17:54:672[localhost-startStop-1]INFO  o.a.c.core.ContainerBase.[Tomcat].[localhost].[/]-Initializing Spring embedded WebApplicationContext
2019-17-08 14:17:54:673[localhost-startStop-1]INFO  org.springframework.web.context.ContextLoader-Root WebApplicationContext: initialization completed in 1965 ms
2019-17-08 14:17:54:733[localhost-startStop-1]INFO  o.s.boot.web.servlet.ServletRegistrationBean-Servlet dispatcherServlet mapped to [/]
2019-17-08 14:17:54:736[localhost-startStop-1]INFO  o.s.boot.web.servlet.FilterRegistrationBean-Mapping filter: 'characterEncodingFilter' to: [/*]
2019-17-08 14:17:54:736[localhost-startStop-1]INFO  o.s.boot.web.servlet.FilterRegistrationBean-Mapping filter: 'hiddenHttpMethodFilter' to: [/*]
2019-17-08 14:17:54:736[localhost-startStop-1]INFO  o.s.boot.web.servlet.FilterRegistrationBean-Mapping filter: 'httpPutFormContentFilter' to: [/*]
2019-17-08 14:17:54:736[localhost-startStop-1]INFO  o.s.boot.web.servlet.FilterRegistrationBean-Mapping filter: 'requestContextFilter' to: [/*]
2019-17-08 14:17:55:207[restartedMain]INFO  o.s.web.servlet.handler.SimpleUrlHandlerMapping-Mapped URL path [/**/favicon.ico] onto handler of type [class org.springframework.web.servlet.resource.ResourceHttpRequestHandler]
2019-17-08 14:17:55:394[restartedMain]INFO  o.s.w.s.m.m.a.RequestMappingHandlerAdapter-Looking for @ControllerAdvice: org.springframework.boot.web.servlet.context.AnnotationConfigServletWebServerApplicationContext@7fca6707: startup date [Mon Apr 08 14:17:52 CST 2019]; root of context hierarchy
2019-17-08 14:17:55:441[restartedMain]INFO  o.s.w.s.m.m.a.RequestMappingHandlerMapping-Mapped "{[/product/getProductById],methods=[GET]}" onto public com.sarnath.sshop.entity.vo.ResultVO com.sarnath.sshop.controller.ProductController.getProductById(java.lang.Integer)
2019-17-08 14:17:55:443[restartedMain]INFO  o.s.w.s.m.m.a.RequestMappingHandlerMapping-Mapped "{[/product/getIndexProducts],methods=[GET]}" onto public com.github.pagehelper.PageInfo<com.sarnath.sshop.entity.ProductEntity> com.sarnath.sshop.controller.ProductController.getallProducts()
2019-17-08 14:17:55:444[restartedMain]INFO  o.s.w.s.m.m.a.RequestMappingHandlerMapping-Mapped "{[/admin/add],methods=[POST]}" onto public com.sarnath.sshop.entity.vo.ResultVO<java.util.Map<java.lang.String, java.lang.Integer>> com.sarnath.sshop.controller.SysAdminController.add(com.sarnath.sshop.entity.form.MSysAdminForm)
2019-17-08 14:17:55:446[restartedMain]INFO  o.s.w.s.m.m.a.RequestMappingHandlerMapping-Mapped "{[/user/register],methods=[POST]}" onto public com.sarnath.sshop.entity.vo.ResultVO<java.util.Map<java.lang.String, java.lang.Integer>> com.sarnath.sshop.controller.UserController.register(com.sarnath.sshop.entity.form.UserForm,org.springframework.validation.BindingResult)
2019-17-08 14:17:55:446[restartedMain]INFO  o.s.w.s.m.m.a.RequestMappingHandlerMapping-Mapped "{[/user/registCheck],methods=[POST]}" onto public com.sarnath.sshop.entity.vo.ResultVO<java.util.Map<java.lang.String, java.lang.String>> com.sarnath.sshop.controller.UserController.checkName(java.lang.String)
2019-17-08 14:17:55:446[restartedMain]INFO  o.s.w.s.m.m.a.RequestMappingHandlerMapping-Mapped "{[/user/session],methods=[POST]}" onto public com.sarnath.sshop.entity.vo.ResultVO<java.util.Map<java.lang.String, java.lang.Integer>> com.sarnath.sshop.controller.UserController.session(javax.servlet.http.HttpServletRequest)
2019-17-08 14:17:55:446[restartedMain]INFO  o.s.w.s.m.m.a.RequestMappingHandlerMapping-Mapped "{[/user/login],methods=[POST]}" onto public com.sarnath.sshop.entity.vo.ResultVO<com.sarnath.sshop.entity.UserEntity> com.sarnath.sshop.controller.UserController.login(java.lang.String,java.lang.String,javax.servlet.http.HttpServletRequest)
2019-17-08 14:17:55:449[restartedMain]INFO  o.s.w.s.m.m.a.RequestMappingHandlerMapping-Mapped "{[/error]}" onto public org.springframework.http.ResponseEntity<java.util.Map<java.lang.String, java.lang.Object>> org.springframework.boot.autoconfigure.web.servlet.error.BasicErrorController.error(javax.servlet.http.HttpServletRequest)
2019-17-08 14:17:55:449[restartedMain]INFO  o.s.w.s.m.m.a.RequestMappingHandlerMapping-Mapped "{[/error],produces=[text/html]}" onto public org.springframework.web.servlet.ModelAndView org.springframework.boot.autoconfigure.web.servlet.error.BasicErrorController.errorHtml(javax.servlet.http.HttpServletRequest,javax.servlet.http.HttpServletResponse)
2019-17-08 14:17:55:473[restartedMain]INFO  o.s.web.servlet.handler.SimpleUrlHandlerMapping-Mapped URL path [/webjars/**] onto handler of type [class org.springframework.web.servlet.resource.ResourceHttpRequestHandler]
2019-17-08 14:17:55:473[restartedMain]INFO  o.s.web.servlet.handler.SimpleUrlHandlerMapping-Mapped URL path [/**] onto handler of type [class org.springframework.web.servlet.resource.ResourceHttpRequestHandler]
2019-17-08 14:17:55:485[restartedMain]INFO  o.s.w.s.m.m.a.ExceptionHandlerExceptionResolver-Detected @ExceptionHandler methods in exceptionController
2019-17-08 14:17:55:955[restartedMain]INFO  o.s.b.d.autoconfigure.OptionalLiveReloadServer-LiveReload server is running on port 35729
2019-17-08 14:17:55:980[restartedMain]INFO  o.s.jmx.export.annotation.AnnotationMBeanExporter-Registering beans for JMX exposure on startup
2019-17-08 14:17:55:982[restartedMain]INFO  o.s.jmx.export.annotation.AnnotationMBeanExporter-Bean with name 'dataSource' has been autodetected for JMX exposure
2019-17-08 14:17:55:986[restartedMain]INFO  o.s.jmx.export.annotation.AnnotationMBeanExporter-Located MBean 'dataSource': registering with JMX server as MBean [com.alibaba.druid.pool:name=dataSource,type=DruidDataSource]
2019-17-08 14:17:55:998[restartedMain]INFO  org.apache.coyote.http11.Http11NioProtocol-Starting ProtocolHandler ["http-nio-8081"]
2019-17-08 14:17:56:008[restartedMain]INFO  org.apache.tomcat.util.net.NioSelectorPool-Using a shared selector for servlet write/read
2019-17-08 14:17:56:022[restartedMain]INFO  o.s.boot.web.embedded.tomcat.TomcatWebServer-Tomcat started on port(s): 8081 (http) with context path ''
2019-17-08 14:17:56:025[restartedMain]INFO  com.sarnath.sshop.Application-Started Application in 3.644 seconds (JVM running for 4.309)
2019-17-08 14:17:59:894[http-nio-8081-exec-1]INFO  o.a.c.core.ContainerBase.[Tomcat].[localhost].[/]-Initializing Spring FrameworkServlet 'dispatcherServlet'
2019-17-08 14:17:59:894[http-nio-8081-exec-1]INFO  org.springframework.web.servlet.DispatcherServlet-FrameworkServlet 'dispatcherServlet': initialization started
2019-17-08 14:17:59:919[http-nio-8081-exec-1]INFO  org.springframework.web.servlet.DispatcherServlet-FrameworkServlet 'dispatcherServlet': initialization completed in 25 ms
2019-17-08 14:17:59:990[http-nio-8081-exec-1]INFO  com.alibaba.druid.pool.DruidDataSource-{dataSource-1} inited
