2019-13-03 17:13:12:058[restartedMain]INFO  com.sarnath.sshop.Application-Starting Application on PC201507241719 with PID 15444 (D:\Documents\GitHub\springboot\springboot-shop\target\classes started by Administrator in D:\Documents\GitHub\springboot)
2019-13-03 17:13:12:060[restartedMain]INFO  com.sarnath.sshop.Application-No active profile set, falling back to default profiles: default
2019-13-03 17:13:12:115[restartedMain]INFO  o.s.b.w.s.c.AnnotationConfigServletWebServerApplicationContext-Refreshing org.springframework.boot.web.servlet.context.AnnotationConfigServletWebServerApplicationContext@70213dd2: startup date [Wed Apr 03 17:13:12 CST 2019]; root of context hierarchy
2019-13-03 17:13:13:116[restartedMain]INFO  o.s.d.r.config.RepositoryConfigurationDelegate-Multiple Spring Data modules found, entering strict repository configuration mode!
2019-13-03 17:13:13:490[restartedMain]INFO  o.s.c.s.PostProcessorRegistrationDelegate$BeanPostProcessorChecker-Bean 'org.springframework.transaction.annotation.ProxyTransactionManagementConfiguration' of type [org.springframework.transaction.annotation.ProxyTransactionManagementConfiguration$$EnhancerBySpringCGLIB$$1c4b6d2d] is not eligible for getting processed by all BeanPostProcessors (for example: not eligible for auto-proxying)
2019-13-03 17:13:14:656[restartedMain]INFO  o.s.boot.web.embedded.tomcat.TomcatWebServer-Tomcat initialized with port(s): 8081 (http)
2019-13-03 17:13:14:671[restartedMain]INFO  org.apache.coyote.http11.Http11NioProtocol-Initializing ProtocolHandler ["http-nio-8081"]
2019-13-03 17:13:14:682[restartedMain]INFO  org.apache.catalina.core.StandardService-Starting service [Tomcat]
2019-13-03 17:13:14:682[restartedMain]INFO  org.apache.catalina.core.StandardEngine-Starting Servlet Engine: Apache Tomcat/8.5.32
2019-13-03 17:13:14:686[localhost-startStop-1]INFO  org.apache.catalina.core.AprLifecycleListener-The APR based Apache Tomcat Native library which allows optimal performance in production environments was not found on the java.library.path: [C:\Program Files\Java\jdk1.8.0_144\bin;C:\WINDOWS\Sun\Java\bin;C:\WINDOWS\system32;C:\WINDOWS;C:\ProgramData\Oracle\Java\javapath;C:\Program Files\Java\jdk1.8.0_144\bin;C:\Program Files\Java\jdk1.8.0_144\jre\bin;C:\WINDOWS\system32;C:\WINDOWS;C:\WINDOWS\System32\Wbem;C:\WINDOWS\System32\WindowsPowerShell\v1.0\;C:\Program Files\MySQL\MySQL Server 5.5\bin;C:\Users\Administrator\Desktop\New folder (2)\apache-tomcat-6.0.16\lib;C:\Users\Administrator\Desktop\New folder (2)\apache-tomcat-6.0.16\bin;E:\SQLServer X86\100\Tools\Binn\;E:\SQL Server 2008\100\Tools\Binn\;E:\SQL Server 2008\100\DTS\Binn\;E:\SQLServer X86\100\Tools\Binn\VSShell\Common7\IDE\;E:\SQLServer X86\100\DTS\Binn\;C:\Program Files (x86)\NVIDIA Corporation\PhysX\Common;C:\Program Files\MySQL\MySQL Server 5.5\bin;C:\Program Files\VisualSVN Server\bin;C:\Program Files\TortoiseSVN\bin;C:\Program Files\TortoiseGit\bin;C:\Program Files\Git\cmd;D:\Redis\;C:\Users\Administrator\AppData\Local\GitHubDesktop\bin;.]
2019-13-03 17:13:14:775[localhost-startStop-1]INFO  o.a.c.core.ContainerBase.[Tomcat].[localhost].[/]-Initializing Spring embedded WebApplicationContext
2019-13-03 17:13:14:776[localhost-startStop-1]INFO  org.springframework.web.context.ContextLoader-Root WebApplicationContext: initialization completed in 2661 ms
2019-13-03 17:13:14:838[localhost-startStop-1]INFO  o.s.boot.web.servlet.ServletRegistrationBean-Servlet dispatcherServlet mapped to [/]
2019-13-03 17:13:14:842[localhost-startStop-1]INFO  o.s.boot.web.servlet.FilterRegistrationBean-Mapping filter: 'characterEncodingFilter' to: [/*]
2019-13-03 17:13:14:842[localhost-startStop-1]INFO  o.s.boot.web.servlet.FilterRegistrationBean-Mapping filter: 'hiddenHttpMethodFilter' to: [/*]
2019-13-03 17:13:14:842[localhost-startStop-1]INFO  o.s.boot.web.servlet.FilterRegistrationBean-Mapping filter: 'httpPutFormContentFilter' to: [/*]
2019-13-03 17:13:14:842[localhost-startStop-1]INFO  o.s.boot.web.servlet.FilterRegistrationBean-Mapping filter: 'requestContextFilter' to: [/*]
2019-13-03 17:13:15:388[restartedMain]INFO  o.s.web.servlet.handler.SimpleUrlHandlerMapping-Mapped URL path [/**/favicon.ico] onto handler of type [class org.springframework.web.servlet.resource.ResourceHttpRequestHandler]
2019-13-03 17:13:15:584[restartedMain]INFO  o.s.w.s.m.m.a.RequestMappingHandlerAdapter-Looking for @ControllerAdvice: org.springframework.boot.web.servlet.context.AnnotationConfigServletWebServerApplicationContext@70213dd2: startup date [Wed Apr 03 17:13:12 CST 2019]; root of context hierarchy
2019-13-03 17:13:15:635[restartedMain]INFO  o.s.w.s.m.m.a.RequestMappingHandlerMapping-Mapped "{[/admin/add],methods=[POST]}" onto public com.sarnath.sshop.entity.vo.ResultVO<java.util.Map<java.lang.String, java.lang.Integer>> com.sarnath.sshop.controller.SysAdminController.add(com.sarnath.sshop.entity.form.MSysAdminForm)
2019-13-03 17:13:15:637[restartedMain]INFO  o.s.w.s.m.m.a.RequestMappingHandlerMapping-Mapped "{[/buyer/register],methods=[POST]}" onto public com.sarnath.sshop.entity.vo.ResultVO<java.util.Map<java.lang.String, java.lang.Integer>> com.sarnath.sshop.controller.UserController.register(com.sarnath.sshop.entity.form.UserForm)
2019-13-03 17:13:15:638[restartedMain]INFO  o.s.w.s.m.m.a.RequestMappingHandlerMapping-Mapped "{[/buyer/registCheck],methods=[POST]}" onto public com.sarnath.sshop.entity.vo.ResultVO<java.util.Map<java.lang.String, java.lang.String>> com.sarnath.sshop.controller.UserController.checkName(java.lang.String)
2019-13-03 17:13:15:638[restartedMain]INFO  o.s.w.s.m.m.a.RequestMappingHandlerMapping-Mapped "{[/buyer/login],methods=[POST]}" onto public com.sarnath.sshop.entity.vo.ResultVO<java.util.Map<java.lang.String, java.lang.String>> com.sarnath.sshop.controller.UserController.login(java.lang.String,java.lang.String,javax.servlet.http.HttpServletRequest)
2019-13-03 17:13:15:640[restartedMain]INFO  o.s.w.s.m.m.a.RequestMappingHandlerMapping-Mapped "{[/error]}" onto public org.springframework.http.ResponseEntity<java.util.Map<java.lang.String, java.lang.Object>> org.springframework.boot.autoconfigure.web.servlet.error.BasicErrorController.error(javax.servlet.http.HttpServletRequest)
2019-13-03 17:13:15:640[restartedMain]INFO  o.s.w.s.m.m.a.RequestMappingHandlerMapping-Mapped "{[/error],produces=[text/html]}" onto public org.springframework.web.servlet.ModelAndView org.springframework.boot.autoconfigure.web.servlet.error.BasicErrorController.errorHtml(javax.servlet.http.HttpServletRequest,javax.servlet.http.HttpServletResponse)
2019-13-03 17:13:15:664[restartedMain]INFO  o.s.web.servlet.handler.SimpleUrlHandlerMapping-Mapped URL path [/webjars/**] onto handler of type [class org.springframework.web.servlet.resource.ResourceHttpRequestHandler]
2019-13-03 17:13:15:664[restartedMain]INFO  o.s.web.servlet.handler.SimpleUrlHandlerMapping-Mapped URL path [/**] onto handler of type [class org.springframework.web.servlet.resource.ResourceHttpRequestHandler]
2019-13-03 17:13:16:230[restartedMain]INFO  o.s.b.d.autoconfigure.OptionalLiveReloadServer-LiveReload server is running on port 35729
2019-13-03 17:13:16:263[restartedMain]INFO  o.s.jmx.export.annotation.AnnotationMBeanExporter-Registering beans for JMX exposure on startup
2019-13-03 17:13:16:265[restartedMain]INFO  o.s.jmx.export.annotation.AnnotationMBeanExporter-Bean with name 'dataSource' has been autodetected for JMX exposure
2019-13-03 17:13:16:270[restartedMain]INFO  o.s.jmx.export.annotation.AnnotationMBeanExporter-Located MBean 'dataSource': registering with JMX server as MBean [com.alibaba.druid.pool:name=dataSource,type=DruidDataSource]
2019-13-03 17:13:16:282[restartedMain]INFO  org.apache.coyote.http11.Http11NioProtocol-Starting ProtocolHandler ["http-nio-8081"]
2019-13-03 17:13:16:292[restartedMain]INFO  org.apache.tomcat.util.net.NioSelectorPool-Using a shared selector for servlet write/read
2019-13-03 17:13:16:310[restartedMain]INFO  o.s.boot.web.embedded.tomcat.TomcatWebServer-Tomcat started on port(s): 8081 (http) with context path ''
2019-13-03 17:13:16:314[restartedMain]INFO  com.sarnath.sshop.Application-Started Application in 4.857 seconds (JVM running for 5.949)
